# JRE version: Java(TM) SE Runtime Environment (7.0_51-b13) (build 1.7.0_51-b13)
# Java VM: Java HotSpot(TM) 64-Bit Server VM (24.51-b03 mixed mode linux-amd64 compressed oops)
Heap
 PSYoungGen      total 161280K, used 29091K [0x00000000f5500000, 0x00000000ffc00000, 0x0000000100000000)
  eden space 152576K, 19% used [0x00000000f5500000,0x00000000f7168f98,0x00000000fea00000)
  from space 8704K, 0% used [0x00000000ff380000,0x00000000ff380000,0x00000000ffc00000)
  to   space 9216K, 0% used [0x00000000fea00000,0x00000000fea00000,0x00000000ff300000)
 ParOldGen       total 123904K, used 91160K [0x00000000e0000000, 0x00000000e7900000, 0x00000000f5500000)
  object space 123904K, 73% used [0x00000000e0000000,0x00000000e59060f0,0x00000000e7900000)
 PSPermGen       total 109056K, used 106677K [0x00000000d0000000, 0x00000000d6a80000, 0x00000000e0000000)
  object space 109056K, 97% used [0x00000000d0000000,0x00000000d682d760,0x00000000d6a80000)
GC Heap History (10 events):
Event: 9068.533 GC heap before
{Heap before GC invocations=237 (full 113):
 PSYoungGen      total 161792K, used 3210K [0x00000000f5500000, 0x00000000ffd00000, 0x0000000100000000)
  eden space 152576K, 0% used [0x00000000f5500000,0x00000000f5500000,0x00000000fea00000)
  from space 9216K, 34% used [0x00000000ff400000,0x00000000ff722820,0x00000000ffd00000)
  to   space 9728K, 0% used [0x00000000fea00000,0x00000000fea00000,0x00000000ff380000)
 ParOldGen       total 123904K, used 89703K [0x00000000e0000000, 0x00000000e7900000, 0x00000000f5500000)
  object space 123904K, 72% used [0x00000000e0000000,0x00000000e5799cf0,0x00000000e7900000)
 PSPermGen       total 110592K, used 106699K [0x00000000d0000000, 0x00000000d6c00000, 0x00000000e0000000)
  object space 110592K, 96% used [0x00000000d0000000,0x00000000d6832f80,0x00000000d6c00000)
Event: 9068.855 GC heap after
Heap after GC invocations=237 (full 113):
 PSYoungGen      total 161792K, used 0K [0x00000000f5500000, 0x00000000ffd00000, 0x0000000100000000)
  eden space 152576K, 0% used [0x00000000f5500000,0x00000000f5500000,0x00000000fea00000)
  from space 9216K, 0% used [0x00000000ff400000,0x00000000ff400000,0x00000000ffd00000)
  to   space 9728K, 0% used [0x00000000fea00000,0x00000000fea00000,0x00000000ff380000)
 ParOldGen       total 123904K, used 90719K [0x00000000e0000000, 0x00000000e7900000, 0x00000000f5500000)
  object space 123904K, 73% used [0x00000000e0000000,0x00000000e5897ec0,0x00000000e7900000)
 PSPermGen       total 110080K, used 106699K [0x00000000d0000000, 0x00000000d6b80000, 0x00000000e0000000)
  object space 110080K, 96% used [0x00000000d0000000,0x00000000d6832ec0,0x00000000d6b80000)
}
Event: 9128.522 GC heap before
{Heap before GC invocations=238 (full 113):
 PSYoungGen      total 161792K, used 17283K [0x00000000f5500000, 0x00000000ffd00000, 0x0000000100000000)
  eden space 152576K, 11% used [0x00000000f5500000,0x00000000f65e0db8,0x00000000fea00000)
  from space 9216K, 0% used [0x00000000ff400000,0x00000000ff400000,0x00000000ffd00000)
  to   space 9728K, 0% used [0x00000000fea00000,0x00000000fea00000,0x00000000ff380000)
 ParOldGen       total 123904K, used 90719K [0x00000000e0000000, 0x00000000e7900000, 0x00000000f5500000)
  object space 123904K, 73% used [0x00000000e0000000,0x00000000e5897ec0,0x00000000e7900000)
 PSPermGen       total 110080K, used 106700K [0x00000000d0000000, 0x00000000d6b80000, 0x00000000e0000000)
  object space 110080K, 96% used [0x00000000d0000000,0x00000000d6833318,0x00000000d6b80000)
Event: 9128.533 GC heap after
Heap after GC invocations=238 (full 113):
 PSYoungGen      total 162304K, used 1472K [0x00000000f5500000, 0x00000000ffd00000, 0x0000000100000000)
  eden space 152576K, 0% used [0x00000000f5500000,0x00000000f5500000,0x00000000fea00000)
  from space 9728K, 15% used [0x00000000fea00000,0x00000000feb70000,0x00000000ff380000)
  to   space 9728K, 0% used [0x00000000ff380000,0x00000000ff380000,0x00000000ffd00000)
 ParOldGen       total 123904K, used 90719K [0x00000000e0000000, 0x00000000e7900000, 0x00000000f5500000)
  object space 123904K, 73% used [0x00000000e0000000,0x00000000e5897ec0,0x00000000e7900000)
 PSPermGen       total 110080K, used 106700K [0x00000000d0000000, 0x00000000d6b80000, 0x00000000e0000000)
  object space 110080K, 96% used [0x00000000d0000000,0x00000000d6833318,0x00000000d6b80000)
}
Event: 9128.533 GC heap before
{Heap before GC invocations=239 (full 114):
 PSYoungGen      total 162304K, used 1472K [0x00000000f5500000, 0x00000000ffd00000, 0x0000000100000000)
  eden space 152576K, 0% used [0x00000000f5500000,0x00000000f5500000,0x00000000fea00000)
  from space 9728K, 15% used [0x00000000fea00000,0x00000000feb70000,0x00000000ff380000)
  to   space 9728K, 0% used [0x00000000ff380000,0x00000000ff380000,0x00000000ffd00000)
 ParOldGen       total 123904K, used 90719K [0x00000000e0000000, 0x00000000e7900000, 0x00000000f5500000)
  object space 123904K, 73% used [0x00000000e0000000,0x00000000e5897ec0,0x00000000e7900000)
 PSPermGen       total 110080K, used 106700K [0x00000000d0000000, 0x00000000d6b80000, 0x00000000e0000000)
  object space 110080K, 96% used [0x00000000d0000000,0x00000000d6833318,0x00000000d6b80000)
Event: 9128.827 GC heap after
Heap after GC invocations=239 (full 114):
 PSYoungGen      total 162304K, used 0K [0x00000000f5500000, 0x00000000ffd00000, 0x0000000100000000)
  eden space 152576K, 0% used [0x00000000f5500000,0x00000000f5500000,0x00000000fea00000)
  from space 9728K, 0% used [0x00000000fea00000,0x00000000fea00000,0x00000000ff380000)
  to   space 9728K, 0% used [0x00000000ff380000,0x00000000ff380000,0x00000000ffd00000)
 ParOldGen       total 123904K, used 89928K [0x00000000e0000000, 0x00000000e7900000, 0x00000000f5500000)
  object space 123904K, 72% used [0x00000000e0000000,0x00000000e57d21c8,0x00000000e7900000)
 PSPermGen       total 109568K, used 106677K [0x00000000d0000000, 0x00000000d6b00000, 0x00000000e0000000)
  object space 109568K, 97% used [0x00000000d0000000,0x00000000d682d4e0,0x00000000d6b00000)
}
Event: 9192.309 GC heap before
{Heap before GC invocations=240 (full 114):
 PSYoungGen      total 162304K, used 137896K [0x00000000f5500000, 0x00000000ffd00000, 0x0000000100000000)
  eden space 152576K, 90% used [0x00000000f5500000,0x00000000fdbaa350,0x00000000fea00000)
  from space 9728K, 0% used [0x00000000fea00000,0x00000000fea00000,0x00000000ff380000)
  to   space 9728K, 0% used [0x00000000ff380000,0x00000000ff380000,0x00000000ffd00000)
 ParOldGen       total 123904K, used 89928K [0x00000000e0000000, 0x00000000e7900000, 0x00000000f5500000)
  object space 123904K, 72% used [0x00000000e0000000,0x00000000e57d21c8,0x00000000e7900000)
 PSPermGen       total 109568K, used 106677K [0x00000000d0000000, 0x00000000d6b00000, 0x00000000e0000000)
  object space 109568K, 97% used [0x00000000d0000000,0x00000000d682d7e0,0x00000000d6b00000)
Event: 9192.325 GC heap after
Heap after GC invocations=240 (full 114):
 PSYoungGen      total 161280K, used 4352K [0x00000000f5500000, 0x00000000ffc00000, 0x0000000100000000)
  eden space 152576K, 0% used [0x00000000f5500000,0x00000000f5500000,0x00000000fea00000)
  from space 8704K, 50% used [0x00000000ff380000,0x00000000ff7c0000,0x00000000ffc00000)
  to   space 9216K, 0% used [0x00000000fea00000,0x00000000fea00000,0x00000000ff300000)
 ParOldGen       total 123904K, used 89928K [0x00000000e0000000, 0x00000000e7900000, 0x00000000f5500000)
  object space 123904K, 72% used [0x00000000e0000000,0x00000000e57d21c8,0x00000000e7900000)
 PSPermGen       total 109568K, used 106677K [0x00000000d0000000, 0x00000000d6b00000, 0x00000000e0000000)
  object space 109568K, 97% used [0x00000000d0000000,0x00000000d682d7e0,0x00000000d6b00000)
}
Event: 9192.325 GC heap before
{Heap before GC invocations=241 (full 115):
 PSYoungGen      total 161280K, used 4352K [0x00000000f5500000, 0x00000000ffc00000, 0x0000000100000000)
  eden space 152576K, 0% used [0x00000000f5500000,0x00000000f5500000,0x00000000fea00000)
  from space 8704K, 50% used [0x00000000ff380000,0x00000000ff7c0000,0x00000000ffc00000)
  to   space 9216K, 0% used [0x00000000fea00000,0x00000000fea00000,0x00000000ff300000)
 ParOldGen       total 123904K, used 89928K [0x00000000e0000000, 0x00000000e7900000, 0x00000000f5500000)
  object space 123904K, 72% used [0x00000000e0000000,0x00000000e57d21c8,0x00000000e7900000)
 PSPermGen       total 109568K, used 106677K [0x00000000d0000000, 0x00000000d6b00000, 0x00000000e0000000)
  object space 109568K, 97% used [0x00000000d0000000,0x00000000d682d7e0,0x00000000d6b00000)
Event: 9192.598 GC heap after
Heap after GC invocations=241 (full 115):
 PSYoungGen      total 161280K, used 0K [0x00000000f5500000, 0x00000000ffc00000, 0x0000000100000000)
  eden space 152576K, 0% used [0x00000000f5500000,0x00000000f5500000,0x00000000fea00000)
  from space 8704K, 0% used [0x00000000ff380000,0x00000000ff380000,0x00000000ffc00000)
  to   space 9216K, 0% used [0x00000000fea00000,0x00000000fea00000,0x00000000ff300000)
 ParOldGen       total 123904K, used 91160K [0x00000000e0000000, 0x00000000e7900000, 0x00000000f5500000)
  object space 123904K, 73% used [0x00000000e0000000,0x00000000e59060f0,0x00000000e7900000)
 PSPermGen       total 109056K, used 106677K [0x00000000d0000000, 0x00000000d6a80000, 0x00000000e0000000)
  object space 109056K, 97% used [0x00000000d0000000,0x00000000d682d760,0x00000000d6a80000)
}

