# JRE version: Java(TM) SE Runtime Environment (7.0_51-b13) (build 1.7.0_51-b13)
# Java VM: Java HotSpot(TM) 64-Bit Server VM (24.51-b03 mixed mode linux-amd64 compressed oops)
Heap
 PSYoungGen      total 167936K, used 8417K [0x00000000f5500000, 0x0000000100000000, 0x0000000100000000)
  eden space 160768K, 5% used [0x00000000f5500000,0x00000000f5d38548,0x00000000ff200000)
  from space 7168K, 0% used [0x00000000ff200000,0x00000000ff200000,0x00000000ff900000)
  to   space 6656K, 0% used [0x00000000ff980000,0x00000000ff980000,0x0000000100000000)
 ParOldGen       total 199680K, used 111471K [0x00000000e0000000, 0x00000000ec300000, 0x00000000f5500000)
  object space 199680K, 55% used [0x00000000e0000000,0x00000000e6cdbc28,0x00000000ec300000)
 PSPermGen       total 120320K, used 119804K [0x00000000d0000000, 0x00000000d7580000, 0x00000000e0000000)
  object space 120320K, 99% used [0x00000000d0000000,0x00000000d74ff278,0x00000000d7580000)
GC Heap History (10 events):
Event: 40943.795 GC heap before
{Heap before GC invocations=901 (full 416):
 PSYoungGen      total 168448K, used 896K [0x00000000f5500000, 0x0000000100000000, 0x0000000100000000)
  eden space 161792K, 0% used [0x00000000f5500000,0x00000000f5500000,0x00000000ff300000)
  from space 6656K, 13% used [0x00000000ff300000,0x00000000ff3e0000,0x00000000ff980000)
  to   space 6656K, 0% used [0x00000000ff980000,0x00000000ff980000,0x0000000100000000)
 ParOldGen       total 199680K, used 112051K [0x00000000e0000000, 0x00000000ec300000, 0x00000000f5500000)
  object space 199680K, 56% used [0x00000000e0000000,0x00000000e6d6cfd8,0x00000000ec300000)
 PSPermGen       total 120320K, used 119803K [0x00000000d0000000, 0x00000000d7580000, 0x00000000e0000000)
  object space 120320K, 99% used [0x00000000d0000000,0x00000000d74feed0,0x00000000d7580000)
Event: 40944.101 GC heap after
Heap after GC invocations=901 (full 416):
 PSYoungGen      total 168448K, used 0K [0x00000000f5500000, 0x0000000100000000, 0x0000000100000000)
  eden space 161792K, 0% used [0x00000000f5500000,0x00000000f5500000,0x00000000ff300000)
  from space 6656K, 0% used [0x00000000ff300000,0x00000000ff300000,0x00000000ff980000)
  to   space 6656K, 0% used [0x00000000ff980000,0x00000000ff980000,0x0000000100000000)
 ParOldGen       total 199680K, used 111427K [0x00000000e0000000, 0x00000000ec300000, 0x00000000f5500000)
  object space 199680K, 55% used [0x00000000e0000000,0x00000000e6cd0f50,0x00000000ec300000)
 PSPermGen       total 120320K, used 119803K [0x00000000d0000000, 0x00000000d7580000, 0x00000000e0000000)
  object space 120320K, 99% used [0x00000000d0000000,0x00000000d74feed0,0x00000000d7580000)
}
Event: 41008.316 GC heap before
{Heap before GC invocations=902 (full 416):
 PSYoungGen      total 168448K, used 120919K [0x00000000f5500000, 0x0000000100000000, 0x0000000100000000)
  eden space 161792K, 74% used [0x00000000f5500000,0x00000000fcb15eb0,0x00000000ff300000)
  from space 6656K, 0% used [0x00000000ff300000,0x00000000ff300000,0x00000000ff980000)
  to   space 6656K, 0% used [0x00000000ff980000,0x00000000ff980000,0x0000000100000000)
 ParOldGen       total 199680K, used 111427K [0x00000000e0000000, 0x00000000ec300000, 0x00000000f5500000)
  object space 199680K, 55% used [0x00000000e0000000,0x00000000e6cd0f50,0x00000000ec300000)
 PSPermGen       total 120320K, used 119804K [0x00000000d0000000, 0x00000000d7580000, 0x00000000e0000000)
  object space 120320K, 99% used [0x00000000d0000000,0x00000000d74ff2d8,0x00000000d7580000)
Event: 41008.333 GC heap after
Heap after GC invocations=902 (full 416):
 PSYoungGen      total 167424K, used 4706K [0x00000000f5500000, 0x0000000100000000, 0x0000000100000000)
  eden space 160768K, 0% used [0x00000000f5500000,0x00000000f5500000,0x00000000ff200000)
  from space 6656K, 70% used [0x00000000ff980000,0x00000000ffe18a70,0x0000000100000000)
  to   space 7168K, 0% used [0x00000000ff200000,0x00000000ff200000,0x00000000ff900000)
 ParOldGen       total 199680K, used 111427K [0x00000000e0000000, 0x00000000ec300000, 0x00000000f5500000)
  object space 199680K, 55% used [0x00000000e0000000,0x00000000e6cd0f50,0x00000000ec300000)
 PSPermGen       total 120320K, used 119804K [0x00000000d0000000, 0x00000000d7580000, 0x00000000e0000000)
  object space 120320K, 99% used [0x00000000d0000000,0x00000000d74ff2d8,0x00000000d7580000)
}
Event: 41008.333 GC heap before
{Heap before GC invocations=903 (full 417):
 PSYoungGen      total 167424K, used 4706K [0x00000000f5500000, 0x0000000100000000, 0x0000000100000000)
  eden space 160768K, 0% used [0x00000000f5500000,0x00000000f5500000,0x00000000ff200000)
  from space 6656K, 70% used [0x00000000ff980000,0x00000000ffe18a70,0x0000000100000000)
  to   space 7168K, 0% used [0x00000000ff200000,0x00000000ff200000,0x00000000ff900000)
 ParOldGen       total 199680K, used 111427K [0x00000000e0000000, 0x00000000ec300000, 0x00000000f5500000)
  object space 199680K, 55% used [0x00000000e0000000,0x00000000e6cd0f50,0x00000000ec300000)
 PSPermGen       total 120320K, used 119804K [0x00000000d0000000, 0x00000000d7580000, 0x00000000e0000000)
  object space 120320K, 99% used [0x00000000d0000000,0x00000000d74ff2d8,0x00000000d7580000)
Event: 41008.652 GC heap after
Heap after GC invocations=903 (full 417):
 PSYoungGen      total 167424K, used 0K [0x00000000f5500000, 0x0000000100000000, 0x0000000100000000)
  eden space 160768K, 0% used [0x00000000f5500000,0x00000000f5500000,0x00000000ff200000)
  from space 6656K, 0% used [0x00000000ff980000,0x00000000ff980000,0x0000000100000000)
  to   space 7168K, 0% used [0x00000000ff200000,0x00000000ff200000,0x00000000ff900000)
 ParOldGen       total 199680K, used 111801K [0x00000000e0000000, 0x00000000ec300000, 0x00000000f5500000)
  object space 199680K, 55% used [0x00000000e0000000,0x00000000e6d2e438,0x00000000ec300000)
 PSPermGen       total 120320K, used 119804K [0x00000000d0000000, 0x00000000d7580000, 0x00000000e0000000)
  object space 120320K, 99% used [0x00000000d0000000,0x00000000d74ff278,0x00000000d7580000)
}
Event: 41068.324 GC heap before
{Heap before GC invocations=904 (full 417):
 PSYoungGen      total 167424K, used 55685K [0x00000000f5500000, 0x0000000100000000, 0x0000000100000000)
  eden space 160768K, 34% used [0x00000000f5500000,0x00000000f8b617f8,0x00000000ff200000)
  from space 6656K, 0% used [0x00000000ff980000,0x00000000ff980000,0x0000000100000000)
  to   space 7168K, 0% used [0x00000000ff200000,0x00000000ff200000,0x00000000ff900000)
 ParOldGen       total 199680K, used 111801K [0x00000000e0000000, 0x00000000ec300000, 0x00000000f5500000)
  object space 199680K, 55% used [0x00000000e0000000,0x00000000e6d2e438,0x00000000ec300000)
 PSPermGen       total 120320K, used 119804K [0x00000000d0000000, 0x00000000d7580000, 0x00000000e0000000)
  object space 120320K, 99% used [0x00000000d0000000,0x00000000d74ff278,0x00000000d7580000)
Event: 41068.331 GC heap after
Heap after GC invocations=904 (full 417):
 PSYoungGen      total 167936K, used 1888K [0x00000000f5500000, 0x0000000100000000, 0x0000000100000000)
  eden space 160768K, 0% used [0x00000000f5500000,0x00000000f5500000,0x00000000ff200000)
  from space 7168K, 26% used [0x00000000ff200000,0x00000000ff3d8000,0x00000000ff900000)
  to   space 6656K, 0% used [0x00000000ff980000,0x00000000ff980000,0x0000000100000000)
 ParOldGen       total 199680K, used 111801K [0x00000000e0000000, 0x00000000ec300000, 0x00000000f5500000)
  object space 199680K, 55% used [0x00000000e0000000,0x00000000e6d2e438,0x00000000ec300000)
 PSPermGen       total 120320K, used 119804K [0x00000000d0000000, 0x00000000d7580000, 0x00000000e0000000)
  object space 120320K, 99% used [0x00000000d0000000,0x00000000d74ff278,0x00000000d7580000)
}
Event: 41068.331 GC heap before
{Heap before GC invocations=905 (full 418):
 PSYoungGen      total 167936K, used 1888K [0x00000000f5500000, 0x0000000100000000, 0x0000000100000000)
  eden space 160768K, 0% used [0x00000000f5500000,0x00000000f5500000,0x00000000ff200000)
  from space 7168K, 26% used [0x00000000ff200000,0x00000000ff3d8000,0x00000000ff900000)
  to   space 6656K, 0% used [0x00000000ff980000,0x00000000ff980000,0x0000000100000000)
 ParOldGen       total 199680K, used 111801K [0x00000000e0000000, 0x00000000ec300000, 0x00000000f5500000)
  object space 199680K, 55% used [0x00000000e0000000,0x00000000e6d2e438,0x00000000ec300000)
 PSPermGen       total 120320K, used 119804K [0x00000000d0000000, 0x00000000d7580000, 0x00000000e0000000)
  object space 120320K, 99% used [0x00000000d0000000,0x00000000d74ff278,0x00000000d7580000)
Event: 41068.634 GC heap after
Heap after GC invocations=905 (full 418):
 PSYoungGen      total 167936K, used 0K [0x00000000f5500000, 0x0000000100000000, 0x0000000100000000)
  eden space 160768K, 0% used [0x00000000f5500000,0x00000000f5500000,0x00000000ff200000)
  from space 7168K, 0% used [0x00000000ff200000,0x00000000ff200000,0x00000000ff900000)
  to   space 6656K, 0% used [0x00000000ff980000,0x00000000ff980000,0x0000000100000000)
 ParOldGen       total 199680K, used 111471K [0x00000000e0000000, 0x00000000ec300000, 0x00000000f5500000)
  object space 199680K, 55% used [0x00000000e0000000,0x00000000e6cdbc28,0x00000000ec300000)
 PSPermGen       total 120320K, used 119804K [0x00000000d0000000, 0x00000000d7580000, 0x00000000e0000000)
  object space 120320K, 99% used [0x00000000d0000000,0x00000000d74ff278,0x00000000d7580000)
}

