# JRE version: Java(TM) SE Runtime Environment (7.0_51-b13) (build 1.7.0_51-b13)
# Java VM: Java HotSpot(TM) 64-Bit Server VM (24.51-b03 mixed mode linux-amd64 compressed oops)
Heap
 PSYoungGen      total 131584K, used 69309K [0x00000000f5500000, 0x00000000fff00000, 0x0000000100000000)
  eden space 90112K, 73% used [0x00000000f5500000,0x00000000f95da350,0x00000000fad00000)
  from space 41472K, 6% used [0x00000000fd680000,0x00000000fd955480,0x00000000fff00000)
  to   space 41984K, 0% used [0x00000000fad00000,0x00000000fad00000,0x00000000fd600000)
 ParOldGen       total 115200K, used 83533K [0x00000000e0000000, 0x00000000e7080000, 0x00000000f5500000)
  object space 115200K, 72% used [0x00000000e0000000,0x00000000e5193410,0x00000000e7080000)
 PSPermGen       total 119808K, used 80625K [0x00000000d0000000, 0x00000000d7500000, 0x00000000e0000000)
  object space 119808K, 67% used [0x00000000d0000000,0x00000000d4ebc7b8,0x00000000d7500000)
GC Heap History (10 events):
Event: 181.263 GC heap before
{Heap before GC invocations=27 (full 5):
 PSYoungGen      total 131072K, used 82179K [0x00000000f5500000, 0x0000000100000000, 0x0000000100000000)
  eden space 87040K, 86% used [0x00000000f5500000,0x00000000f9e228c0,0x00000000faa00000)
  from space 44032K, 16% used [0x00000000faa00000,0x00000000fb11e5e8,0x00000000fd500000)
  to   space 44032K, 0% used [0x00000000fd500000,0x00000000fd500000,0x0000000100000000)
 ParOldGen       total 115200K, used 78080K [0x00000000e0000000, 0x00000000e7080000, 0x00000000f5500000)
  object space 115200K, 67% used [0x00000000e0000000,0x00000000e4c40320,0x00000000e7080000)
 PSPermGen       total 115200K, used 80515K [0x00000000d0000000, 0x00000000d7080000, 0x00000000e0000000)
  object space 115200K, 69% used [0x00000000d0000000,0x00000000d4ea0da8,0x00000000d7080000)
Event: 181.288 GC heap after
Heap after GC invocations=27 (full 5):
 PSYoungGen      total 132608K, used 13936K [0x00000000f5500000, 0x0000000100000000, 0x0000000100000000)
  eden space 88576K, 0% used [0x00000000f5500000,0x00000000f5500000,0x00000000fab80000)
  from space 44032K, 31% used [0x00000000fd500000,0x00000000fe29c050,0x0000000100000000)
  to   space 42496K, 0% used [0x00000000fab80000,0x00000000fab80000,0x00000000fd500000)
 ParOldGen       total 115200K, used 78344K [0x00000000e0000000, 0x00000000e7080000, 0x00000000f5500000)
  object space 115200K, 68% used [0x00000000e0000000,0x00000000e4c82338,0x00000000e7080000)
 PSPermGen       total 115200K, used 80515K [0x00000000d0000000, 0x00000000d7080000, 0x00000000e0000000)
  object space 115200K, 69% used [0x00000000d0000000,0x00000000d4ea0da8,0x00000000d7080000)
}
Event: 181.288 GC heap before
{Heap before GC invocations=28 (full 6):
 PSYoungGen      total 132608K, used 13936K [0x00000000f5500000, 0x0000000100000000, 0x0000000100000000)
  eden space 88576K, 0% used [0x00000000f5500000,0x00000000f5500000,0x00000000fab80000)
  from space 44032K, 31% used [0x00000000fd500000,0x00000000fe29c050,0x0000000100000000)
  to   space 42496K, 0% used [0x00000000fab80000,0x00000000fab80000,0x00000000fd500000)
 ParOldGen       total 115200K, used 78344K [0x00000000e0000000, 0x00000000e7080000, 0x00000000f5500000)
  object space 115200K, 68% used [0x00000000e0000000,0x00000000e4c82338,0x00000000e7080000)
 PSPermGen       total 115200K, used 80515K [0x00000000d0000000, 0x00000000d7080000, 0x00000000e0000000)
  object space 115200K, 69% used [0x00000000d0000000,0x00000000d4ea0da8,0x00000000d7080000)
Event: 181.806 GC heap after
Heap after GC invocations=28 (full 6):
 PSYoungGen      total 132608K, used 0K [0x00000000f5500000, 0x0000000100000000, 0x0000000100000000)
  eden space 88576K, 0% used [0x00000000f5500000,0x00000000f5500000,0x00000000fab80000)
  from space 44032K, 0% used [0x00000000fd500000,0x00000000fd500000,0x0000000100000000)
  to   space 42496K, 0% used [0x00000000fab80000,0x00000000fab80000,0x00000000fd500000)
 ParOldGen       total 115200K, used 88157K [0x00000000e0000000, 0x00000000e7080000, 0x00000000f5500000)
  object space 115200K, 76% used [0x00000000e0000000,0x00000000e56177f0,0x00000000e7080000)
 PSPermGen       total 120832K, used 80507K [0x00000000d0000000, 0x00000000d7600000, 0x00000000e0000000)
  object space 120832K, 66% used [0x00000000d0000000,0x00000000d4e9edc0,0x00000000d7600000)
}
Event: 241.265 GC heap before
{Heap before GC invocations=29 (full 6):
 PSYoungGen      total 132608K, used 85982K [0x00000000f5500000, 0x0000000100000000, 0x0000000100000000)
  eden space 88576K, 97% used [0x00000000f5500000,0x00000000fa8f7950,0x00000000fab80000)
  from space 44032K, 0% used [0x00000000fd500000,0x00000000fd500000,0x0000000100000000)
  to   space 42496K, 0% used [0x00000000fab80000,0x00000000fab80000,0x00000000fd500000)
 ParOldGen       total 115200K, used 88157K [0x00000000e0000000, 0x00000000e7080000, 0x00000000f5500000)
  object space 115200K, 76% used [0x00000000e0000000,0x00000000e56177f0,0x00000000e7080000)
 PSPermGen       total 120832K, used 80545K [0x00000000d0000000, 0x00000000d7600000, 0x00000000e0000000)
  object space 120832K, 66% used [0x00000000d0000000,0x00000000d4ea87f8,0x00000000d7600000)
Event: 241.282 GC heap after
Heap after GC invocations=29 (full 6):
 PSYoungGen      total 131072K, used 4084K [0x00000000f5500000, 0x0000000100000000, 0x0000000100000000)
  eden space 88576K, 0% used [0x00000000f5500000,0x00000000f5500000,0x00000000fab80000)
  from space 42496K, 9% used [0x00000000fab80000,0x00000000faf7d3c0,0x00000000fd500000)
  to   space 42496K, 0% used [0x00000000fd680000,0x00000000fd680000,0x0000000100000000)
 ParOldGen       total 115200K, used 88157K [0x00000000e0000000, 0x00000000e7080000, 0x00000000f5500000)
  object space 115200K, 76% used [0x00000000e0000000,0x00000000e56177f0,0x00000000e7080000)
 PSPermGen       total 120832K, used 80545K [0x00000000d0000000, 0x00000000d7600000, 0x00000000e0000000)
  object space 120832K, 66% used [0x00000000d0000000,0x00000000d4ea87f8,0x00000000d7600000)
}
Event: 241.283 GC heap before
{Heap before GC invocations=30 (full 7):
 PSYoungGen      total 131072K, used 4084K [0x00000000f5500000, 0x0000000100000000, 0x0000000100000000)
  eden space 88576K, 0% used [0x00000000f5500000,0x00000000f5500000,0x00000000fab80000)
  from space 42496K, 9% used [0x00000000fab80000,0x00000000faf7d3c0,0x00000000fd500000)
  to   space 42496K, 0% used [0x00000000fd680000,0x00000000fd680000,0x0000000100000000)
 ParOldGen       total 115200K, used 88157K [0x00000000e0000000, 0x00000000e7080000, 0x00000000f5500000)
  object space 115200K, 76% used [0x00000000e0000000,0x00000000e56177f0,0x00000000e7080000)
 PSPermGen       total 120832K, used 80545K [0x00000000d0000000, 0x00000000d7600000, 0x00000000e0000000)
  object space 120832K, 66% used [0x00000000d0000000,0x00000000d4ea87f8,0x00000000d7600000)
Event: 241.677 GC heap after
Heap after GC invocations=30 (full 7):
 PSYoungGen      total 131072K, used 0K [0x00000000f5500000, 0x0000000100000000, 0x0000000100000000)
  eden space 88576K, 0% used [0x00000000f5500000,0x00000000f5500000,0x00000000fab80000)
  from space 42496K, 0% used [0x00000000fab80000,0x00000000fab80000,0x00000000fd500000)
  to   space 42496K, 0% used [0x00000000fd680000,0x00000000fd680000,0x0000000100000000)
 ParOldGen       total 115200K, used 83525K [0x00000000e0000000, 0x00000000e7080000, 0x00000000f5500000)
  object space 115200K, 72% used [0x00000000e0000000,0x00000000e5191410,0x00000000e7080000)
 PSPermGen       total 119808K, used 80545K [0x00000000d0000000, 0x00000000d7500000, 0x00000000e0000000)
  object space 119808K, 67% used [0x00000000d0000000,0x00000000d4ea8518,0x00000000d7500000)
}
Event: 253.217 GC heap before
{Heap before GC invocations=31 (full 7):
 PSYoungGen      total 131072K, used 88576K [0x00000000f5500000, 0x0000000100000000, 0x0000000100000000)
  eden space 88576K, 100% used [0x00000000f5500000,0x00000000fab80000,0x00000000fab80000)
  from space 42496K, 0% used [0x00000000fab80000,0x00000000fab80000,0x00000000fd500000)
  to   space 42496K, 0% used [0x00000000fd680000,0x00000000fd680000,0x0000000100000000)
 ParOldGen       total 115200K, used 83525K [0x00000000e0000000, 0x00000000e7080000, 0x00000000f5500000)
  object space 115200K, 72% used [0x00000000e0000000,0x00000000e5191410,0x00000000e7080000)
 PSPermGen       total 119808K, used 80548K [0x00000000d0000000, 0x00000000d7500000, 0x00000000e0000000)
  object space 119808K, 67% used [0x00000000d0000000,0x00000000d4ea9220,0x00000000d7500000)
Event: 253.226 GC heap after
Heap after GC invocations=31 (full 7):
 PSYoungGen      total 131584K, used 2901K [0x00000000f5500000, 0x00000000fff00000, 0x0000000100000000)
  eden space 90112K, 0% used [0x00000000f5500000,0x00000000f5500000,0x00000000fad00000)
  from space 41472K, 6% used [0x00000000fd680000,0x00000000fd955480,0x00000000fff00000)
  to   space 41984K, 0% used [0x00000000fad00000,0x00000000fad00000,0x00000000fd600000)
 ParOldGen       total 115200K, used 83533K [0x00000000e0000000, 0x00000000e7080000, 0x00000000f5500000)
  object space 115200K, 72% used [0x00000000e0000000,0x00000000e5193410,0x00000000e7080000)
 PSPermGen       total 119808K, used 80548K [0x00000000d0000000, 0x00000000d7500000, 0x00000000e0000000)
  object space 119808K, 67% used [0x00000000d0000000,0x00000000d4ea9220,0x00000000d7500000)
}

