# JRE version: Java(TM) SE Runtime Environment (7.0_51-b13) (build 1.7.0_51-b13)
# Java VM: Java HotSpot(TM) 64-Bit Server VM (24.51-b03 mixed mode linux-amd64 compressed oops)
Heap
 PSYoungGen      total 90624K, used 18691K [0x00000000f5500000, 0x00000000fc680000, 0x0000000100000000)
  eden space 65024K, 25% used [0x00000000f5500000,0x00000000f6540e20,0x00000000f9480000)
  from space 25600K, 8% used [0x00000000fad80000,0x00000000faf80000,0x00000000fc680000)
  to   space 25600K, 0% used [0x00000000f9480000,0x00000000f9480000,0x00000000fad80000)
 ParOldGen       total 151040K, used 91222K [0x00000000e0000000, 0x00000000e9380000, 0x00000000f5500000)
  object space 151040K, 60% used [0x00000000e0000000,0x00000000e5915998,0x00000000e9380000)
 PSPermGen       total 112128K, used 102784K [0x00000000d0000000, 0x00000000d6d80000, 0x00000000e0000000)
  object space 112128K, 91% used [0x00000000d0000000,0x00000000d64602b0,0x00000000d6d80000)
GC Heap History (10 events):
Event: 2511.477 GC heap before
{Heap before GC invocations=69 (full 23):
 PSYoungGen      total 93696K, used 55529K [0x00000000f5500000, 0x00000000fce00000, 0x0000000100000000)
  eden space 61440K, 90% used [0x00000000f5500000,0x00000000f8b3a7f8,0x00000000f9100000)
  from space 32256K, 0% used [0x00000000f9100000,0x00000000f9100000,0x00000000fb080000)
  to   space 30208K, 0% used [0x00000000fb080000,0x00000000fb080000,0x00000000fce00000)
 ParOldGen       total 151040K, used 90383K [0x00000000e0000000, 0x00000000e9380000, 0x00000000f5500000)
  object space 151040K, 59% used [0x00000000e0000000,0x00000000e5843f60,0x00000000e9380000)
 PSPermGen       total 114688K, used 102756K [0x00000000d0000000, 0x00000000d7000000, 0x00000000e0000000)
  object space 114688K, 89% used [0x00000000d0000000,0x00000000d64593a0,0x00000000d7000000)
Event: 2511.486 GC heap after
Heap after GC invocations=69 (full 23):
 PSYoungGen      total 90624K, used 3683K [0x00000000f5500000, 0x00000000fcb00000, 0x0000000100000000)
  eden space 63488K, 0% used [0x00000000f5500000,0x00000000f5500000,0x00000000f9300000)
  from space 27136K, 13% used [0x00000000fb080000,0x00000000fb418e40,0x00000000fcb00000)
  to   space 28672K, 0% used [0x00000000f9300000,0x00000000f9300000,0x00000000faf00000)
 ParOldGen       total 151040K, used 90383K [0x00000000e0000000, 0x00000000e9380000, 0x00000000f5500000)
  object space 151040K, 59% used [0x00000000e0000000,0x00000000e5843f60,0x00000000e9380000)
 PSPermGen       total 114688K, used 102756K [0x00000000d0000000, 0x00000000d7000000, 0x00000000e0000000)
  object space 114688K, 89% used [0x00000000d0000000,0x00000000d64593a0,0x00000000d7000000)
}
Event: 2511.486 GC heap before
{Heap before GC invocations=70 (full 24):
 PSYoungGen      total 90624K, used 3683K [0x00000000f5500000, 0x00000000fcb00000, 0x0000000100000000)
  eden space 63488K, 0% used [0x00000000f5500000,0x00000000f5500000,0x00000000f9300000)
  from space 27136K, 13% used [0x00000000fb080000,0x00000000fb418e40,0x00000000fcb00000)
  to   space 28672K, 0% used [0x00000000f9300000,0x00000000f9300000,0x00000000faf00000)
 ParOldGen       total 151040K, used 90383K [0x00000000e0000000, 0x00000000e9380000, 0x00000000f5500000)
  object space 151040K, 59% used [0x00000000e0000000,0x00000000e5843f60,0x00000000e9380000)
 PSPermGen       total 114688K, used 102756K [0x00000000d0000000, 0x00000000d7000000, 0x00000000e0000000)
  object space 114688K, 89% used [0x00000000d0000000,0x00000000d64593a0,0x00000000d7000000)
Event: 2511.940 GC heap after
Heap after GC invocations=70 (full 24):
 PSYoungGen      total 90624K, used 0K [0x00000000f5500000, 0x00000000fcb00000, 0x0000000100000000)
  eden space 63488K, 0% used [0x00000000f5500000,0x00000000f5500000,0x00000000f9300000)
  from space 27136K, 0% used [0x00000000fb080000,0x00000000fb080000,0x00000000fcb00000)
  to   space 28672K, 0% used [0x00000000f9300000,0x00000000f9300000,0x00000000faf00000)
 ParOldGen       total 151040K, used 90315K [0x00000000e0000000, 0x00000000e9380000, 0x00000000f5500000)
  object space 151040K, 59% used [0x00000000e0000000,0x00000000e5832dd8,0x00000000e9380000)
 PSPermGen       total 113152K, used 102756K [0x00000000d0000000, 0x00000000d6e80000, 0x00000000e0000000)
  object space 113152K, 90% used [0x00000000d0000000,0x00000000d64593a0,0x00000000d6e80000)
}
Event: 2572.431 GC heap before
{Heap before GC invocations=71 (full 24):
 PSYoungGen      total 90624K, used 61606K [0x00000000f5500000, 0x00000000fcb00000, 0x0000000100000000)
  eden space 63488K, 97% used [0x00000000f5500000,0x00000000f9129af0,0x00000000f9300000)
  from space 27136K, 0% used [0x00000000fb080000,0x00000000fb080000,0x00000000fcb00000)
  to   space 28672K, 0% used [0x00000000f9300000,0x00000000f9300000,0x00000000faf00000)
 ParOldGen       total 151040K, used 90315K [0x00000000e0000000, 0x00000000e9380000, 0x00000000f5500000)
  object space 151040K, 59% used [0x00000000e0000000,0x00000000e5832dd8,0x00000000e9380000)
 PSPermGen       total 113152K, used 102779K [0x00000000d0000000, 0x00000000d6e80000, 0x00000000e0000000)
  object space 113152K, 90% used [0x00000000d0000000,0x00000000d645ef48,0x00000000d6e80000)
Event: 2572.445 GC heap after
Heap after GC invocations=71 (full 24):
 PSYoungGen      total 67584K, used 4018K [0x00000000f5500000, 0x00000000fc800000, 0x0000000100000000)
  eden space 63488K, 0% used [0x00000000f5500000,0x00000000f5500000,0x00000000f9300000)
  from space 4096K, 98% used [0x00000000f9300000,0x00000000f96ecad0,0x00000000f9700000)
  to   space 27136K, 0% used [0x00000000fad80000,0x00000000fad80000,0x00000000fc800000)
 ParOldGen       total 151040K, used 90315K [0x00000000e0000000, 0x00000000e9380000, 0x00000000f5500000)
  object space 151040K, 59% used [0x00000000e0000000,0x00000000e5832dd8,0x00000000e9380000)
 PSPermGen       total 113152K, used 102779K [0x00000000d0000000, 0x00000000d6e80000, 0x00000000e0000000)
  object space 113152K, 90% used [0x00000000d0000000,0x00000000d645ef48,0x00000000d6e80000)
}
Event: 2572.445 GC heap before
{Heap before GC invocations=72 (full 25):
 PSYoungGen      total 67584K, used 4018K [0x00000000f5500000, 0x00000000fc800000, 0x0000000100000000)
  eden space 63488K, 0% used [0x00000000f5500000,0x00000000f5500000,0x00000000f9300000)
  from space 4096K, 98% used [0x00000000f9300000,0x00000000f96ecad0,0x00000000f9700000)
  to   space 27136K, 0% used [0x00000000fad80000,0x00000000fad80000,0x00000000fc800000)
 ParOldGen       total 151040K, used 90315K [0x00000000e0000000, 0x00000000e9380000, 0x00000000f5500000)
  object space 151040K, 59% used [0x00000000e0000000,0x00000000e5832dd8,0x00000000e9380000)
 PSPermGen       total 113152K, used 102779K [0x00000000d0000000, 0x00000000d6e80000, 0x00000000e0000000)
  object space 113152K, 90% used [0x00000000d0000000,0x00000000d645ef48,0x00000000d6e80000)
Event: 2572.897 GC heap after
Heap after GC invocations=72 (full 25):
 PSYoungGen      total 67584K, used 0K [0x00000000f5500000, 0x00000000fc800000, 0x0000000100000000)
  eden space 63488K, 0% used [0x00000000f5500000,0x00000000f5500000,0x00000000f9300000)
  from space 4096K, 0% used [0x00000000f9300000,0x00000000f9300000,0x00000000f9700000)
  to   space 27136K, 0% used [0x00000000fad80000,0x00000000fad80000,0x00000000fc800000)
 ParOldGen       total 151040K, used 91222K [0x00000000e0000000, 0x00000000e9380000, 0x00000000f5500000)
  object space 151040K, 60% used [0x00000000e0000000,0x00000000e5915998,0x00000000e9380000)
 PSPermGen       total 112128K, used 102779K [0x00000000d0000000, 0x00000000d6d80000, 0x00000000e0000000)
  object space 112128K, 91% used [0x00000000d0000000,0x00000000d645eda8,0x00000000d6d80000)
}
Event: 2591.099 GC heap before
{Heap before GC invocations=73 (full 25):
 PSYoungGen      total 67584K, used 63488K [0x00000000f5500000, 0x00000000fc800000, 0x0000000100000000)
  eden space 63488K, 100% used [0x00000000f5500000,0x00000000f9300000,0x00000000f9300000)
  from space 4096K, 0% used [0x00000000f9300000,0x00000000f9300000,0x00000000f9700000)
  to   space 27136K, 0% used [0x00000000fad80000,0x00000000fad80000,0x00000000fc800000)
 ParOldGen       total 151040K, used 91222K [0x00000000e0000000, 0x00000000e9380000, 0x00000000f5500000)
  object space 151040K, 60% used [0x00000000e0000000,0x00000000e5915998,0x00000000e9380000)
 PSPermGen       total 112128K, used 102782K [0x00000000d0000000, 0x00000000d6d80000, 0x00000000e0000000)
  object space 112128K, 91% used [0x00000000d0000000,0x00000000d645fba8,0x00000000d6d80000)
Event: 2591.106 GC heap after
Heap after GC invocations=73 (full 25):
 PSYoungGen      total 90624K, used 2048K [0x00000000f5500000, 0x00000000fc680000, 0x0000000100000000)
  eden space 65024K, 0% used [0x00000000f5500000,0x00000000f5500000,0x00000000f9480000)
  from space 25600K, 8% used [0x00000000fad80000,0x00000000faf80000,0x00000000fc680000)
  to   space 25600K, 0% used [0x00000000f9480000,0x00000000f9480000,0x00000000fad80000)
 ParOldGen       total 151040K, used 91222K [0x00000000e0000000, 0x00000000e9380000, 0x00000000f5500000)
  object space 151040K, 60% used [0x00000000e0000000,0x00000000e5915998,0x00000000e9380000)
 PSPermGen       total 112128K, used 102782K [0x00000000d0000000, 0x00000000d6d80000, 0x00000000e0000000)
  object space 112128K, 91% used [0x00000000d0000000,0x00000000d645fba8,0x00000000d6d80000)
}

